<?xml version="1.0" encoding="UTF-8"?>
<robot generator="Robot 5.0 (Python 3.9.10 on win32)" generated="20220410 17:21:56.504" rpa="false" schemaversion="3">
<suite id="s1" name="Hospital" source="C:\Users\Muheesh\PycharmProjects\Hospital_Robot\Tests\Hospital\FunctionalTestSuite\hospital.robot">
<test id="s1-t1" name="Admin Login Test" line="6">
<kw name="Open Browser" library="SeleniumLibrary">
<arg>${web_url}</arg>
<arg>chrome</arg>
<doc>Opens a new browser instance to the optional ``url``.</doc>
<msg timestamp="20220410 17:21:56.695" level="INFO">Opening browser 'chrome' to base url 'http://127.0.0.1:5000'.</msg>
<status status="PASS" starttime="20220410 17:21:56.695" endtime="20220410 17:22:00.853"/>
</kw>
<kw name="Maximize Browser Window" library="SeleniumLibrary">
<doc>Maximizes current browser window.</doc>
<status status="PASS" starttime="20220410 17:22:00.854" endtime="20220410 17:22:00.969"/>
</kw>
<kw name="Sleep" library="BuiltIn">
<arg>1s</arg>
<doc>Pauses the test executed for the given time.</doc>
<msg timestamp="20220410 17:22:01.972" level="INFO">Slept 1 second</msg>
<status status="PASS" starttime="20220410 17:22:00.969" endtime="20220410 17:22:01.972"/>
</kw>
<kw name="Login Admin">
<kw name="Input Text" library="SeleniumLibrary">
<arg>name:urname</arg>
<arg>admin</arg>
<doc>Types the given ``text`` into the text field identified by ``locator``.</doc>
<msg timestamp="20220410 17:22:01.973" level="INFO">Typing text 'admin' into text field 'name:urname'.</msg>
<status status="PASS" starttime="20220410 17:22:01.972" endtime="20220410 17:22:02.054"/>
</kw>
<status status="PASS" starttime="20220410 17:22:01.972" endtime="20220410 17:22:02.054"/>
</kw>
<kw name="Sleep" library="BuiltIn">
<arg>1s</arg>
<doc>Pauses the test executed for the given time.</doc>
<msg timestamp="20220410 17:22:03.057" level="INFO">Slept 1 second</msg>
<status status="PASS" starttime="20220410 17:22:02.055" endtime="20220410 17:22:03.057"/>
</kw>
<kw name="Login Pass">
<kw name="Input Text" library="SeleniumLibrary">
<arg>name:pass</arg>
<arg>1234</arg>
<doc>Types the given ``text`` into the text field identified by ``locator``.</doc>
<msg timestamp="20220410 17:22:03.058" level="INFO">Typing text '1234' into text field 'name:pass'.</msg>
<status status="PASS" starttime="20220410 17:22:03.058" endtime="20220410 17:22:03.125"/>
</kw>
<status status="PASS" starttime="20220410 17:22:03.057" endtime="20220410 17:22:03.125"/>
</kw>
<kw name="Sleep" library="BuiltIn">
<arg>1s</arg>
<doc>Pauses the test executed for the given time.</doc>
<msg timestamp="20220410 17:22:04.131" level="INFO">Slept 1 second</msg>
<status status="PASS" starttime="20220410 17:22:03.126" endtime="20220410 17:22:04.131"/>
</kw>
<kw name="Click Element" library="SeleniumLibrary">
<arg>xpath=//html/body/div/div/div/form/table/tbody/tr[3]/td[2]/button</arg>
<doc>Click the element identified by ``locator``.</doc>
<msg timestamp="20220410 17:22:04.132" level="INFO">Clicking element 'xpath=//html/body/div/div/div/form/table/tbody/tr[3]/td[2]/button'.</msg>
<status status="PASS" starttime="20220410 17:22:04.131" endtime="20220410 17:22:06.010"/>
</kw>
<kw name="Sleep" library="BuiltIn">
<arg>1s</arg>
<doc>Pauses the test executed for the given time.</doc>
<msg timestamp="20220410 17:22:07.015" level="INFO">Slept 1 second</msg>
<status status="PASS" starttime="20220410 17:22:06.011" endtime="20220410 17:22:07.015"/>
</kw>
<doc>This test is for admin login</doc>
<tag>admin</tag>
<status status="PASS" starttime="20220410 17:21:56.694" endtime="20220410 17:22:07.015"/>
</test>
<test id="s1-t2" name="Admin Add Patient" line="19">
<kw name="Add Patient Name">
<kw name="Input Text" library="SeleniumLibrary">
<arg>name:name</arg>
<arg>Muheesh</arg>
<doc>Types the given ``text`` into the text field identified by ``locator``.</doc>
<msg timestamp="20220410 17:22:07.017" level="INFO">Typing text 'Muheesh' into text field 'name:name'.</msg>
<status status="PASS" starttime="20220410 17:22:07.017" endtime="20220410 17:22:07.093"/>
</kw>
<status status="PASS" starttime="20220410 17:22:07.017" endtime="20220410 17:22:07.093"/>
</kw>
<kw name="Sleep" library="BuiltIn">
<arg>1s</arg>
<doc>Pauses the test executed for the given time.</doc>
<msg timestamp="20220410 17:22:08.106" level="INFO">Slept 1 second</msg>
<status status="PASS" starttime="20220410 17:22:07.093" endtime="20220410 17:22:08.106"/>
</kw>
<kw name="Add Patient Address">
<kw name="Input Text" library="SeleniumLibrary">
<arg>name:address</arg>
<arg>Salem</arg>
<doc>Types the given ``text`` into the text field identified by ``locator``.</doc>
<msg timestamp="20220410 17:22:08.107" level="INFO">Typing text 'Salem' into text field 'name:address'.</msg>
<status status="PASS" starttime="20220410 17:22:08.107" endtime="20220410 17:22:08.172"/>
</kw>
<status status="PASS" starttime="20220410 17:22:08.106" endtime="20220410 17:22:08.172"/>
</kw>
<kw name="Sleep" library="BuiltIn">
<arg>1s</arg>
<doc>Pauses the test executed for the given time.</doc>
<msg timestamp="20220410 17:22:09.183" level="INFO">Slept 1 second</msg>
<status status="PASS" starttime="20220410 17:22:08.172" endtime="20220410 17:22:09.183"/>
</kw>
<kw name="Add Patient Age">
<kw name="Input Text" library="SeleniumLibrary">
<arg>name:age</arg>
<arg>20</arg>
<doc>Types the given ``text`` into the text field identified by ``locator``.</doc>
<msg timestamp="20220410 17:22:09.184" level="INFO">Typing text '20' into text field 'name:age'.</msg>
<status status="PASS" starttime="20220410 17:22:09.184" endtime="20220410 17:22:09.244"/>
</kw>
<status status="PASS" starttime="20220410 17:22:09.184" endtime="20220410 17:22:09.244"/>
</kw>
<kw name="Sleep" library="BuiltIn">
<arg>1s</arg>
<doc>Pauses the test executed for the given time.</doc>
<msg timestamp="20220410 17:22:10.256" level="INFO">Slept 1 second</msg>
<status status="PASS" starttime="20220410 17:22:09.244" endtime="20220410 17:22:10.256"/>
</kw>
<kw name="Add Patient Dateof Birth">
<kw name="Input Text" library="SeleniumLibrary">
<arg>name:dob</arg>
<arg>2022-04-09</arg>
<doc>Types the given ``text`` into the text field identified by ``locator``.</doc>
<msg timestamp="20220410 17:22:10.257" level="INFO">Typing text '2022-04-09' into text field 'name:dob'.</msg>
<status status="PASS" starttime="20220410 17:22:10.257" endtime="20220410 17:22:10.320"/>
</kw>
<status status="PASS" starttime="20220410 17:22:10.257" endtime="20220410 17:22:10.320"/>
</kw>
<kw name="Sleep" library="BuiltIn">
<arg>1s</arg>
<doc>Pauses the test executed for the given time.</doc>
<msg timestamp="20220410 17:22:11.331" level="INFO">Slept 1 second</msg>
<status status="PASS" starttime="20220410 17:22:10.320" endtime="20220410 17:22:11.331"/>
</kw>
<kw name="Add Patient Number">
<kw name="Input Text" library="SeleniumLibrary">
<arg>name:number</arg>
<arg>12345678</arg>
<doc>Types the given ``text`` into the text field identified by ``locator``.</doc>
<msg timestamp="20220410 17:22:11.332" level="INFO">Typing text '12345678' into text field 'name:number'.</msg>
<status status="PASS" starttime="20220410 17:22:11.332" endtime="20220410 17:22:11.403"/>
</kw>
<status status="PASS" starttime="20220410 17:22:11.331" endtime="20220410 17:22:11.403"/>
</kw>
<kw name="Sleep" library="BuiltIn">
<arg>1s</arg>
<doc>Pauses the test executed for the given time.</doc>
<msg timestamp="20220410 17:22:12.407" level="INFO">Slept 1 second</msg>
<status status="PASS" starttime="20220410 17:22:11.404" endtime="20220410 17:22:12.407"/>
</kw>
<kw name="Add Patient Place">
<kw name="Input Text" library="SeleniumLibrary">
<arg>name:place</arg>
<arg>TN</arg>
<doc>Types the given ``text`` into the text field identified by ``locator``.</doc>
<msg timestamp="20220410 17:22:12.408" level="INFO">Typing text 'TN' into text field 'name:place'.</msg>
<status status="PASS" starttime="20220410 17:22:12.408" endtime="20220410 17:22:12.468"/>
</kw>
<status status="PASS" starttime="20220410 17:22:12.408" endtime="20220410 17:22:12.468"/>
</kw>
<kw name="Sleep" library="BuiltIn">
<arg>1s</arg>
<doc>Pauses the test executed for the given time.</doc>
<msg timestamp="20220410 17:22:13.484" level="INFO">Slept 1 second</msg>
<status status="PASS" starttime="20220410 17:22:12.469" endtime="20220410 17:22:13.484"/>
</kw>
<kw name="Add Patient Pincode">
<kw name="Input Text" library="SeleniumLibrary">
<arg>name:pincode</arg>
<arg>636003</arg>
<doc>Types the given ``text`` into the text field identified by ``locator``.</doc>
<msg timestamp="20220410 17:22:13.485" level="INFO">Typing text '636003' into text field 'name:pincode'.</msg>
<status status="PASS" starttime="20220410 17:22:13.485" endtime="20220410 17:22:13.554"/>
</kw>
<status status="PASS" starttime="20220410 17:22:13.485" endtime="20220410 17:22:13.554"/>
</kw>
<kw name="Sleep" library="BuiltIn">
<arg>1s</arg>
<doc>Pauses the test executed for the given time.</doc>
<msg timestamp="20220410 17:22:14.555" level="INFO">Slept 1 second</msg>
<status status="PASS" starttime="20220410 17:22:13.554" endtime="20220410 17:22:14.555"/>
</kw>
<kw name="Click Element" library="SeleniumLibrary">
<arg>xpath=//html/body/div/div/div/form/table/tbody/tr[8]/td[2]/button</arg>
<doc>Click the element identified by ``locator``.</doc>
<msg timestamp="20220410 17:22:14.556" level="INFO">Clicking element 'xpath=//html/body/div/div/div/form/table/tbody/tr[8]/td[2]/button'.</msg>
<status status="PASS" starttime="20220410 17:22:14.555" endtime="20220410 17:22:14.661"/>
</kw>
<kw name="Sleep" library="BuiltIn">
<arg>1s</arg>
<doc>Pauses the test executed for the given time.</doc>
<msg timestamp="20220410 17:22:15.667" level="INFO">Slept 1 second</msg>
<status status="PASS" starttime="20220410 17:22:14.662" endtime="20220410 17:22:15.667"/>
</kw>
<doc>This test is to add patient</doc>
<tag>admin</tag>
<status status="PASS" starttime="20220410 17:22:07.016" endtime="20220410 17:22:15.668"/>
</test>
<test id="s1-t3" name="Admin View Patient" line="38">
<kw name="Click Element" library="SeleniumLibrary">
<arg>xpath=//html/body/nav/div/div/ul/li[6]/a</arg>
<doc>Click the element identified by ``locator``.</doc>
<msg timestamp="20220410 17:22:15.670" level="INFO">Clicking element 'xpath=//html/body/nav/div/div/ul/li[6]/a'.</msg>
<status status="PASS" starttime="20220410 17:22:15.669" endtime="20220410 17:22:15.774"/>
</kw>
<kw name="Sleep" library="BuiltIn">
<arg>1s</arg>
<doc>Pauses the test executed for the given time.</doc>
<msg timestamp="20220410 17:22:16.787" level="INFO">Slept 1 second</msg>
<status status="PASS" starttime="20220410 17:22:15.774" endtime="20220410 17:22:16.787"/>
</kw>
<doc>This test is to view patient</doc>
<tag>admin</tag>
<status status="PASS" starttime="20220410 17:22:15.669" endtime="20220410 17:22:16.787"/>
</test>
<test id="s1-t4" name="Admin Search Patient" line="44">
<kw name="Click Element" library="SeleniumLibrary">
<arg>xpath=//html/body/nav/div/div/ul/li[3]/a</arg>
<doc>Click the element identified by ``locator``.</doc>
<msg timestamp="20220410 17:22:16.789" level="INFO">Clicking element 'xpath=//html/body/nav/div/div/ul/li[3]/a'.</msg>
<status status="PASS" starttime="20220410 17:22:16.789" endtime="20220410 17:22:16.862"/>
</kw>
<kw name="Sleep" library="BuiltIn">
<arg>1s</arg>
<doc>Pauses the test executed for the given time.</doc>
<msg timestamp="20220410 17:22:17.875" level="INFO">Slept 1 second</msg>
<status status="PASS" starttime="20220410 17:22:16.863" endtime="20220410 17:22:17.875"/>
</kw>
<kw name="Search Number">
<kw name="Input Text" library="SeleniumLibrary">
<arg>name:number</arg>
<arg>12345678</arg>
<doc>Types the given ``text`` into the text field identified by ``locator``.</doc>
<msg timestamp="20220410 17:22:17.876" level="INFO">Typing text '12345678' into text field 'name:number'.</msg>
<status status="PASS" starttime="20220410 17:22:17.876" endtime="20220410 17:22:17.950"/>
</kw>
<status status="PASS" starttime="20220410 17:22:17.875" endtime="20220410 17:22:17.950"/>
</kw>
<doc>This test is to search patient</doc>
<tag>admin</tag>
<status status="PASS" starttime="20220410 17:22:16.789" endtime="20220410 17:22:17.951"/>
</test>
<test id="s1-t5" name="Update Patient" line="50">
<kw name="Click Element" library="SeleniumLibrary">
<arg>xpath=//html/body/nav/div/div/ul/li[5]/a</arg>
<doc>Click the element identified by ``locator``.</doc>
<msg timestamp="20220410 17:22:17.953" level="INFO">Clicking element 'xpath=//html/body/nav/div/div/ul/li[5]/a'.</msg>
<status status="PASS" starttime="20220410 17:22:17.952" endtime="20220410 17:22:18.034"/>
</kw>
<kw name="Sleep" library="BuiltIn">
<arg>1s</arg>
<doc>Pauses the test executed for the given time.</doc>
<msg timestamp="20220410 17:22:19.046" level="INFO">Slept 1 second</msg>
<status status="PASS" starttime="20220410 17:22:18.034" endtime="20220410 17:22:19.046"/>
</kw>
<kw name="Update Number">
<kw name="Input Text" library="SeleniumLibrary">
<arg>name:unumber</arg>
<arg>12345678</arg>
<doc>Types the given ``text`` into the text field identified by ``locator``.</doc>
<msg timestamp="20220410 17:22:19.047" level="INFO">Typing text '12345678' into text field 'name:unumber'.</msg>
<status status="PASS" starttime="20220410 17:22:19.047" endtime="20220410 17:22:19.120"/>
</kw>
<status status="PASS" starttime="20220410 17:22:19.047" endtime="20220410 17:22:19.120"/>
</kw>
<kw name="Sleep" library="BuiltIn">
<arg>1s</arg>
<doc>Pauses the test executed for the given time.</doc>
<msg timestamp="20220410 17:22:20.121" level="INFO">Slept 1 second</msg>
<status status="PASS" starttime="20220410 17:22:19.120" endtime="20220410 17:22:20.121"/>
</kw>
<kw name="Click Element" library="SeleniumLibrary">
<arg>xpath=//html/body/div/div/div/form/table/tbody/tr[2]/td[2]/button</arg>
<doc>Click the element identified by ``locator``.</doc>
<msg timestamp="20220410 17:22:20.123" level="INFO">Clicking element 'xpath=//html/body/div/div/div/form/table/tbody/tr[2]/td[2]/button'.</msg>
<status status="PASS" starttime="20220410 17:22:20.122" endtime="20220410 17:22:20.212"/>
</kw>
<kw name="Sleep" library="BuiltIn">
<arg>1s</arg>
<doc>Pauses the test executed for the given time.</doc>
<msg timestamp="20220410 17:22:21.224" level="INFO">Slept 1 second</msg>
<status status="PASS" starttime="20220410 17:22:20.212" endtime="20220410 17:22:21.224"/>
</kw>
<kw name="Up Patient Name">
<kw name="Input Text" library="SeleniumLibrary">
<arg>name:newname</arg>
<arg>Ragul</arg>
<doc>Types the given ``text`` into the text field identified by ``locator``.</doc>
<msg timestamp="20220410 17:22:21.225" level="INFO">Typing text 'Ragul' into text field 'name:newname'.</msg>
<status status="PASS" starttime="20220410 17:22:21.225" endtime="20220410 17:22:21.293"/>
</kw>
<status status="PASS" starttime="20220410 17:22:21.224" endtime="20220410 17:22:21.293"/>
</kw>
<kw name="Sleep" library="BuiltIn">
<arg>1s</arg>
<doc>Pauses the test executed for the given time.</doc>
<msg timestamp="20220410 17:22:22.306" level="INFO">Slept 1 second</msg>
<status status="PASS" starttime="20220410 17:22:21.294" endtime="20220410 17:22:22.306"/>
</kw>
<kw name="Up Patient Age">
<kw name="Input Text" library="SeleniumLibrary">
<arg>name:newage</arg>
<arg>25</arg>
<doc>Types the given ``text`` into the text field identified by ``locator``.</doc>
<msg timestamp="20220410 17:22:22.307" level="INFO">Typing text '25' into text field 'name:newage'.</msg>
<status status="PASS" starttime="20220410 17:22:22.307" endtime="20220410 17:22:22.366"/>
</kw>
<status status="PASS" starttime="20220410 17:22:22.306" endtime="20220410 17:22:22.366"/>
</kw>
<kw name="Sleep" library="BuiltIn">
<arg>1s</arg>
<doc>Pauses the test executed for the given time.</doc>
<msg timestamp="20220410 17:22:23.382" level="INFO">Slept 1 second</msg>
<status status="PASS" starttime="20220410 17:22:22.367" endtime="20220410 17:22:23.382"/>
</kw>
<kw name="Up Patient Address">
<kw name="Input Text" library="SeleniumLibrary">
<arg>name:newaddress</arg>
<arg>Chennai</arg>
<doc>Types the given ``text`` into the text field identified by ``locator``.</doc>
<msg timestamp="20220410 17:22:23.383" level="INFO">Typing text 'Chennai' into text field 'name:newaddress'.</msg>
<status status="PASS" starttime="20220410 17:22:23.383" endtime="20220410 17:22:23.455"/>
</kw>
<status status="PASS" starttime="20220410 17:22:23.382" endtime="20220410 17:22:23.455"/>
</kw>
<kw name="Sleep" library="BuiltIn">
<arg>1s</arg>
<doc>Pauses the test executed for the given time.</doc>
<msg timestamp="20220410 17:22:24.470" level="INFO">Slept 1 second</msg>
<status status="PASS" starttime="20220410 17:22:23.456" endtime="20220410 17:22:24.470"/>
</kw>
<kw name="Up Patient Dateof Birth">
<kw name="Input Text" library="SeleniumLibrary">
<arg>name:newdob</arg>
<arg>2022-04-08</arg>
<doc>Types the given ``text`` into the text field identified by ``locator``.</doc>
<msg timestamp="20220410 17:22:24.472" level="INFO">Typing text '2022-04-08' into text field 'name:newdob'.</msg>
<status status="PASS" starttime="20220410 17:22:24.472" endtime="20220410 17:22:24.535"/>
</kw>
<status status="PASS" starttime="20220410 17:22:24.471" endtime="20220410 17:22:24.535"/>
</kw>
<kw name="Sleep" library="BuiltIn">
<arg>1s</arg>
<doc>Pauses the test executed for the given time.</doc>
<msg timestamp="20220410 17:22:25.542" level="INFO">Slept 1 second</msg>
<status status="PASS" starttime="20220410 17:22:24.535" endtime="20220410 17:22:25.542"/>
</kw>
<kw name="Up Patient Place">
<kw name="Input Text" library="SeleniumLibrary">
<arg>name:newplace</arg>
<arg>Tamil nadu</arg>
<doc>Types the given ``text`` into the text field identified by ``locator``.</doc>
<msg timestamp="20220410 17:22:25.543" level="INFO">Typing text 'Tamil nadu' into text field 'name:newplace'.</msg>
<status status="PASS" starttime="20220410 17:22:25.543" endtime="20220410 17:22:25.620"/>
</kw>
<status status="PASS" starttime="20220410 17:22:25.543" endtime="20220410 17:22:25.620"/>
</kw>
<kw name="Sleep" library="BuiltIn">
<arg>1s</arg>
<doc>Pauses the test executed for the given time.</doc>
<msg timestamp="20220410 17:22:26.632" level="INFO">Slept 1 second</msg>
<status status="PASS" starttime="20220410 17:22:25.620" endtime="20220410 17:22:26.632"/>
</kw>
<kw name="Up Patient Pincode">
<kw name="Input Text" library="SeleniumLibrary">
<arg>name:newpincode</arg>
<arg>125478</arg>
<doc>Types the given ``text`` into the text field identified by ``locator``.</doc>
<msg timestamp="20220410 17:22:26.633" level="INFO">Typing text '125478' into text field 'name:newpincode'.</msg>
<status status="PASS" starttime="20220410 17:22:26.632" endtime="20220410 17:22:26.701"/>
</kw>
<status status="PASS" starttime="20220410 17:22:26.632" endtime="20220410 17:22:26.701"/>
</kw>
<kw name="Sleep" library="BuiltIn">
<arg>1s</arg>
<doc>Pauses the test executed for the given time.</doc>
<msg timestamp="20220410 17:22:27.703" level="INFO">Slept 1 second</msg>
<status status="PASS" starttime="20220410 17:22:26.701" endtime="20220410 17:22:27.703"/>
</kw>
<kw name="Click Element" library="SeleniumLibrary">
<arg>xpath=//html/body/div/div/div/form/table/tbody/tr[7]/td[2]/button</arg>
<doc>Click the element identified by ``locator``.</doc>
<msg timestamp="20220410 17:22:27.704" level="INFO">Clicking element 'xpath=//html/body/div/div/div/form/table/tbody/tr[7]/td[2]/button'.</msg>
<status status="PASS" starttime="20220410 17:22:27.704" endtime="20220410 17:22:27.986"/>
</kw>
<kw name="Sleep" library="BuiltIn">
<arg>1s</arg>
<doc>Pauses the test executed for the given time.</doc>
<msg timestamp="20220410 17:22:28.993" level="INFO">Slept 1 second</msg>
<status status="PASS" starttime="20220410 17:22:27.987" endtime="20220410 17:22:28.993"/>
</kw>
<doc>This is to check updation of patients</doc>
<tag>admin</tag>
<status status="PASS" starttime="20220410 17:22:17.952" endtime="20220410 17:22:28.993"/>
</test>
<test id="s1-t6" name="Delete Patient" line="74">
<kw name="Click Element" library="SeleniumLibrary">
<arg>xpath=//html/body/nav/div/div/ul/li[4]/a</arg>
<doc>Click the element identified by ``locator``.</doc>
<msg timestamp="20220410 17:22:28.995" level="INFO">Clicking element 'xpath=//html/body/nav/div/div/ul/li[4]/a'.</msg>
<status status="PASS" starttime="20220410 17:22:28.995" endtime="20220410 17:22:29.078"/>
</kw>
<kw name="Sleep" library="BuiltIn">
<arg>1s</arg>
<doc>Pauses the test executed for the given time.</doc>
<msg timestamp="20220410 17:22:30.080" level="INFO">Slept 1 second</msg>
<status status="PASS" starttime="20220410 17:22:29.079" endtime="20220410 17:22:30.080"/>
</kw>
<kw name="Search Number">
<kw name="Input Text" library="SeleniumLibrary">
<arg>name:number</arg>
<arg>12345678</arg>
<doc>Types the given ``text`` into the text field identified by ``locator``.</doc>
<msg timestamp="20220410 17:22:30.080" level="INFO">Typing text '12345678' into text field 'name:number'.</msg>
<status status="PASS" starttime="20220410 17:22:30.080" endtime="20220410 17:22:30.162"/>
</kw>
<status status="PASS" starttime="20220410 17:22:30.080" endtime="20220410 17:22:30.162"/>
</kw>
<kw name="Sleep" library="BuiltIn">
<arg>1s</arg>
<doc>Pauses the test executed for the given time.</doc>
<msg timestamp="20220410 17:22:31.172" level="INFO">Slept 1 second</msg>
<status status="PASS" starttime="20220410 17:22:30.163" endtime="20220410 17:22:31.172"/>
</kw>
<kw name="Click Element" library="SeleniumLibrary">
<arg>xpath=//html/body/div/div/div/form/table/tbody/tr[2]/td[2]/button</arg>
<doc>Click the element identified by ``locator``.</doc>
<msg timestamp="20220410 17:22:31.173" level="INFO">Clicking element 'xpath=//html/body/div/div/div/form/table/tbody/tr[2]/td[2]/button'.</msg>
<status status="PASS" starttime="20220410 17:22:31.173" endtime="20220410 17:22:31.261"/>
</kw>
<kw name="Sleep" library="BuiltIn">
<arg>1s</arg>
<doc>Pauses the test executed for the given time.</doc>
<msg timestamp="20220410 17:22:32.263" level="INFO">Slept 1 second</msg>
<status status="PASS" starttime="20220410 17:22:31.262" endtime="20220410 17:22:32.263"/>
</kw>
<kw name="Close Browser" library="SeleniumLibrary">
<doc>Closes the current browser.</doc>
<status status="PASS" starttime="20220410 17:22:32.264" endtime="20220410 17:22:34.363"/>
</kw>
<doc>This test is to delete patient</doc>
<tag>admin</tag>
<status status="PASS" starttime="20220410 17:22:28.994" endtime="20220410 17:22:34.364"/>
</test>
<status status="PASS" starttime="20220410 17:21:56.505" endtime="20220410 17:22:34.365"/>
</suite>
<statistics>
<total>
<stat pass="6" fail="0" skip="0">All Tests</stat>
</total>
<tag>
<stat pass="6" fail="0" skip="0">admin</stat>
</tag>
<suite>
<stat pass="6" fail="0" skip="0" id="s1" name="Hospital">Hospital</stat>
</suite>
</statistics>
<errors>
</errors>
</robot>
